T1 : 1581055213.39408699
TS : 1581055213.39910055
T2 : 1581055213.40379604
39894151
39910055
15904
T1 : 1581055273.45413925
TS : 1581055273.45984023
T2 : 1581055273.46390078
45902001
45984023
82022
T1 : 1581055333.48431993
TS : 1581055333.49119895
T2 : 1581055333.49425772
48928882
49119895
191013
T1 : 1581055393.51299103
TS : 1581055393.52044598
T2 : 1581055393.52383196
51841149
52044598
203449
T1 : 1581055453.54349900
TS : 1581055453.55061752
T2 : 1581055453.55414993
54882446
55061752
179306
T1 : 1581055513.57404156
TS : 1581055513.58254840
T2 : 1581055513.58573411
57988783
58254840
266057
T1 : 1581055573.60436948
TS : 1581055573.61154823
T2 : 1581055573.61715565
61076256
61154823
78567
T1 : 1581055633.63649190
TS : 1581055633.64415985
T2 : 1581055633.64955718
64302454
64415985
113531
T1 : 1581055693.66831874
TS : 1581055693.67560352
T2 : 1581055693.68072136
67452005
67560352
108347
T1 : 1581055753.70158691
TS : 1581055753.70886288
T2 : 1581055753.71513026
70835858
70886288
50430
T1 : 1581055813.73781591
TS : 1581055813.74723052
T2 : 1581055813.75538396
74659993
74723052
63059
T1 : 1581055873.77548807
TS : 1581055873.78223165
T2 : 1581055873.78820462
78184634
78223165
38531
T1 : 1581055933.80875594
TS : 1581055933.81600333
T2 : 1581055933.82007670
81441632
81600333
158701
T1 : 1581055993.84027244
TS : 1581055993.84718500
T2 : 1581055993.85089352
84558298
84718500
160202
T1 : 1581056053.87105480
TS : 1581056053.87811688
T2 : 1581056053.88222925
87664202
87811688
147486
T1 : 1581056113.90448360
TS : 1581056113.91154267
T2 : 1581056113.91524248
90986304
91154267
167963
T1 : 1581056173.93552556
TS : 1581056173.94426588
T2 : 1581056173.94958828
94255692
94426588
170896
T1 : 1581056233.96859321
TS : 1581056233.97352301
T2 : 1581056233.97766227
97312774
97352301
39527
T1 : 1581056293.99754041
TS : 1581056293.100270596
T2 : 1581056293.100883965
100319003
100270596
-48407
T1 : 1581056353.102821040
TS : 1581056353.103322434
T2 : 1581056353.103980498
103400769
103322434
-78335
T1 : 1581056413.106174491
TS : 1581056413.106670345
T2 : 1581056413.107282719
106728605
106670345
-58260
T1 : 1581056473.109239830
TS : 1581056473.109775232
T2 : 1581056473.110541177
109890503
109775232
-115271
T1 : 1581056533.112519641
TS : 1581056533.113241694
T2 : 1581056533.113859223
113189432
113241694
52262
T1 : 1581056593.115862574
TS : 1581056593.116540280
T2 : 1581056593.117150146
116506360
116540280
33920
T1 : 1581056653.119356380
TS : 1581056653.120029368
T2 : 1581056653.120503145
119929762
120029368
99606
T1 : 1581056713.122557732
TS : 1581056713.123189833
T2 : 1581056713.123746862
123152297
123189833
37536
T1 : 1581056773.125708785
TS : 1581056773.126802145
T2 : 1581056773.127562111
126635448
126802145
166697
T1 : 1581056833.129421313
TS : 1581056833.130220373
T2 : 1581056833.130751700
130086506
130220373
133867
T1 : 1581056893.132693970
TS : 1581056893.133125318
T2 : 1581056893.133740108
133217039
133125318
-91721
T1 : 1581056953.135556477
TS : 1581056953.136039178
T2 : 1581056953.136779527
136168002
136039178
-128824
T1 : 1581057013.139102309
TS : 1581057013.139670392
T2 : 1581057013.140407213
139754761
139670392
-84369
T1 : 1581057073.142494687
TS : 1581057073.142988608
T2 : 1581057073.143566781
143030734
142988608
-42126
T1 : 1581057133.145507135
TS : 1581057133.145987136
T2 : 1581057133.146723106
146115120
145987136
-127984
T1 : 1581057193.148625271
TS : 1581057193.149232081
T2 : 1581057193.150043018
149334144
149232081
-102063
T1 : 1581057253.152017406
TS : 1581057253.152742929
T2 : 1581057253.153374610
152696008
152742929
46921
T1 : 1581057313.155635071
TS : 1581057313.156189736
T2 : 1581057313.156882770
156258920
156189736
-69184
T1 : 1581057373.158931014
TS : 1581057373.159653225
T2 : 1581057373.160479839
159705426
159653225
-52201
T1 : 1581057433.162510483
TS : 1581057433.163078481
T2 : 1581057433.163736999
163123741
163078481
-45260
T1 : 1581057493.165871902
TS : 1581057493.166876252
T2 : 1581057493.167951593
166911747
166876252
-35495
T1 : 1581057553.169992855
TS : 1581057553.170644572
T2 : 1581057553.171272586
170632720
170644572
11852
T1 : 1581057613.173487529
TS : 1581057613.174011027
T2 : 1581057613.174740154
174113841
174011027
-102814
T1 : 1581057673.176751466
TS : 1581057673.177514378
T2 : 1581057673.178328778
177540122
177514378
-25744
T1 : 1581057733.180404550
TS : 1581057733.181031731
T2 : 1581057733.181781174
181092862
181031731
-61131
T1 : 1581057793.184016464
TS : 1581057793.184636430
T2 : 1581057793.185490828
184753646
184636430
-117216
T1 : 1581057853.187662572
TS : 1581057853.188124332
T2 : 1581057853.188839252
188250912
188124332
-126580
T1 : 1581057913.190809948
TS : 1581057913.191327551
T2 : 1581057913.192114522
191462235
191327551
-134684
T1 : 1581057973.194367096
TS : 1581057973.195108750
T2 : 1581057973.195920730
195143913
195108750
-35163
T1 : 1581058033.197989693
TS : 1581058033.198605533
T2 : 1581058033.199414678
198702185
198605533
-96652
T1 : 1581058093.201417286
TS : 1581058093.202089595
T2 : 1581058093.202721599
202069442
202089595
20153
T1 : 1581058153.204636655
TS : 1581058153.205032374
T2 : 1581058153.205740859
205188757
205032374
-156383
T1 : 1581058213.207805328
TS : 1581058213.208311224
T2 : 1581058213.208959845
208382586
208311224
-71362
T1 : 1581058273.238539659
TS : 1581058273.239176065
T2 : 1581058273.239943474
239241566
239176065
-65501
T1 : 1581058333.242199731
TS : 1581058333.242802967
T2 : 1581058333.243502010
242850870
242802967
-47903
T1 : 1581058393.245616783
TS : 1581058393.246228913
T2 : 1581058393.246952319
246284551
246228913
-55638
T1 : 1581058453.249048958
TS : 1581058453.249791870
T2 : 1581058453.250551507
249800232
249791870
-8362
T1 : 1581058513.252689160
TS : 1581058513.253278674
T2 : 1581058513.253958936
253324048
253278674
-45374
T1 : 1581058573.256046074
TS : 1581058573.256847543
T2 : 1581058573.257509348
256777711
256847543
69832
T1 : 1581058633.259611406
TS : 1581058633.260421260
T2 : 1581058633.261309167
260460286
260421260
-39026
T1 : 1581058693.263403100
TS : 1581058693.264091744
T2 : 1581058693.264699941
264051520
264091744
40224
T1 : 1581058753.266744859
TS : 1581058753.267536843
T2 : 1581058753.267956159
267350509
267536843
186334
T1 : 1581058813.270194076
TS : 1581058813.270967754
T2 : 1581058813.271569368
270881722
270967754
86032
T1 : 1581058873.273481297
TS : 1581058873.274170080
T2 : 1581058873.274594551
274037924
274170080
132156
T1 : 1581058933.276879136
TS : 1581058933.277526051
T2 : 1581058933.277893490
277386313
277526051
139738
T1 : 1581058993.279832471
TS : 1581058993.280713833
T2 : 1581058993.281082934
280457702
280713833
256131
T1 : 1581059053.283045141
TS : 1581059053.283775175
T2 : 1581059053.284165342
283605241
283775175
169934
T1 : 1581059113.286354565
TS : 1581059113.287106407
T2 : 1581059113.287528248
286941406
287106407
165001
T1 : 1581059173.289607727
TS : 1581059173.290368140
T2 : 1581059173.290754530
290181128
290368140
187012
T1 : 1581059233.292683464
TS : 1581059233.293376427
T2 : 1581059233.293855285
293269374
293376427
107053
T1 : 1581059293.296059640
TS : 1581059293.296835897
T2 : 1581059293.297398857
296729248
296835897
106649
T1 : 1581059353.299445610
TS : 1581059353.300283800
T2 : 1581059353.300791139
300118374
300283800
165426
T1 : 1581059413.303173359
TS : 1581059413.303736742
T2 : 1581059413.304216611
303694985
303736742
41757
T1 : 1581059473.306190382
TS : 1581059473.306893200
T2 : 1581059473.307518981
306854681
306893200
38519
T1 : 1581059533.309499745
TS : 1581059533.310134663
T2 : 1581059533.310631026
310065385
310134663
69278
T1 : 1581059593.312628263
TS : 1581059593.313457178
T2 : 1581059593.314220003
313424133
313457178
33045
T1 : 1581059653.316491558
TS : 1581059653.317454774
T2 : 1581059653.318302650
317397104
317454774
57670
T1 : 1581059713.320348085
TS : 1581059713.321194115
T2 : 1581059713.322008152
321178118
321194115
15997
T1 : 1581059773.323997517
TS : 1581059773.324562041
T2 : 1581059773.325251759
324624638
324562041
-62597
T1 : 1581059833.327144771
TS : 1581059833.327707956
T2 : 1581059833.328495368
327820069
327707956
-112113
T1 : 1581059893.330562765
TS : 1581059893.331164679
T2 : 1581059893.331922743
331242754
331164679
-78075
T1 : 1581059953.333838631
TS : 1581059953.334391145
T2 : 1581059953.335173600
334506115
334391145
-114970
T1 : 1581060013.337505002
TS : 1581060013.338063178
T2 : 1581060013.338804378
338154690
338063178
-91512
T1 : 1581060073.340784440
TS : 1581060073.341391591
T2 : 1581060073.342125469
341454954
341391591
-63363
T1 : 1581060133.344205227
TS : 1581060133.344918371
T2 : 1581060133.345910954
345058090
344918371
-139719
T1 : 1581060193.347965482
TS : 1581060193.348510294
T2 : 1581060193.349277434
348621458
348510294
-111164
T1 : 1581060253.351225689
TS : 1581060253.351761747
T2 : 1581060253.352403439
351814564
351761747
-52817
T1 : 1581060313.354588040
TS : 1581060313.355278390
T2 : 1581060313.356102906
355345473
355278390
-67083
T1 : 1581060373.358012092
TS : 1581060373.358511680
T2 : 1581060373.359300116
358656104
358511680
-144424
T1 : 1581060433.361338835
TS : 1581060433.361897192
T2 : 1581060433.362548193
361943514
361897192
-46322
T1 : 1581060493.364568038
TS : 1581060493.365152601
T2 : 1581060493.365902750
365235394
365152601
-82793
T1 : 1581060553.367911290
TS : 1581060553.368608431
T2 : 1581060553.369433413
368672351
368608431
-63920
T1 : 1581060613.372274805
TS : 1581060613.372603988
T2 : 1581060613.373325317
372800061
372603988
-196073
T1 : 1581060673.375184346
TS : 1581060673.375438888
T2 : 1581060673.376099329
375641837
375438888
-202949
T1 : 1581060733.378107288
TS : 1581060733.378499311
T2 : 1581060733.379401426
378754357
378499311
-255046
T1 : 1581060793.381560391
TS : 1581060793.381946019
T2 : 1581060793.382708571
382134481
381946019
-188462
T1 : 1581060853.384868954
TS : 1581060853.385286228
T2 : 1581060853.386265957
385567455
385286228
-281227
T1 : 1581060913.388588696
TS : 1581060913.388879899
T2 : 1581060913.389738413
389163554
388879899
-283655
T1 : 1581060973.391771687
TS : 1581060973.392365223
T2 : 1581060973.392849293
392310490
392365223
54733
T1 : 1581061033.394861023
TS : 1581061033.395636394
T2 : 1581061033.396227353
395544188
395636394
92206
T1 : 1581061093.398338710
TS : 1581061093.398962504
T2 : 1581061093.399528599
398933654
398962504
28850
T1 : 1581061153.401593935
TS : 1581061153.402169536
T2 : 1581061153.402725609
402159772
402169536
9764
T1 : 1581061213.404848838
TS : 1581061213.405676321
T2 : 1581061213.406188787
405518812
405676321
157509
T1 : 1581061273.408074531
TS : 1581061273.408668765
T2 : 1581061273.409228640
408651585
408668765
17180
T1 : 1581061333.411047216
TS : 1581061333.411932915
T2 : 1581061333.412616723
411831969
411932915
100946
T1 : 1581061393.414504703
TS : 1581061393.415291455
T2 : 1581061393.415813221
415158962
415291455
132493
T1 : 1581061453.417880982
TS : 1581061453.418509956
T2 : 1581061453.418978199
418429590
418509956
80366
T1 : 1581061513.421099657
TS : 1581061513.421514641
T2 : 1581061513.422044424
421572040
421514641
-57399
T1 : 1581061573.424093504
TS : 1581061573.424693372
T2 : 1581061573.425208862
424651183
424693372
42189
T1 : 1581061633.427790971
TS : 1581061633.428347086
T2 : 1581061633.428788713
428289842
428347086
57244
T1 : 1581061693.430745834
TS : 1581061693.430997227
T2 : 1581061693.431886620
431316227
430997227
-319000
T1 : 1581061753.433823194
TS : 1581061753.434028972
T2 : 1581061753.434851688
434337441
434028972
-308469
T1 : 1581061813.437094803
TS : 1581061813.437358550
T2 : 1581061813.438664656
437879729
437358550
-521179
T1 : 1581061873.440787698
TS : 1581061873.441121971
T2 : 1581061873.442020507
441404102
441121971
-282131
T1 : 1581061933.443993786
TS : 1581061933.444337757
T2 : 1581061933.445039103
444516444
444337757
-178687
T1 : 1581061993.446941258
TS : 1581061993.447540183
T2 : 1581061993.448347809
447644533
447540183
-104350
T1 : 1581062053.450444171
TS : 1581062053.451340477
T2 : 1581062053.452192672
451318421
451340477
22056
T1 : 1581062113.454579559
TS : 1581062113.455226677
T2 : 1581062113.456125919
455352739
455226677
-126062
T1 : 1581062173.458247543
TS : 1581062173.458971663
T2 : 1581062173.459902581
459075062
458971663
-103399
T1 : 1581062233.462428836
TS : 1581062233.463166833
T2 : 1581062233.463992754
463210795
463166833
-43962
T1 : 1581062293.466047401
TS : 1581062293.466588891
T2 : 1581062293.467307273
466677337
466588891
-88446
T1 : 1581062353.469420238
TS : 1581062353.470069490
T2 : 1581062353.470855779
470138008
470069490
-68518
T1 : 1581062413.472962839
TS : 1581062413.473822079
T2 : 1581062413.474383530
473673184
473822079
148895
T1 : 1581062473.476349737
TS : 1581062473.476846565
T2 : 1581062473.477670232
477009984
476846565
-163419
T1 : 1581062533.479697704
TS : 1581062533.480230412
T2 : 1581062533.480929678
480313691
480230412
-83279
T1 : 1581062593.482949755
TS : 1581062593.483469852
T2 : 1581062593.484263792
483606773
483469852
-136921
T1 : 1581062653.486209781
TS : 1581062653.486532202
T2 : 1581062653.487067860
486638820
486532202
-106618
T1 : 1581062713.489191963
TS : 1581062713.489487991
T2 : 1581062713.490278913
489735438
489487991
-247447
