T1 : 1581050313.840301518
TS : 1581050313.840335058
T2 : 1581050313.840398580
840350049
840335058
-14991
T1 : 1581050318.844070800
TS : 1581050318.844105672
T2 : 1581050318.844120530
844095665
844105672
10007
T1 : 1581050323.847079245
TS : 1581050323.847113322
T2 : 1581050323.847129469
847104357
847113322
8965
T1 : 1581050342.845994049
TS : 1581050342.846021603
T2 : 1581050342.846036824
846015436
846021603
6167
T1 : 1581050405.112874692
TS : 1581050405.112932620
T2 : 1581050405.112948452
112911572
112932620
21048
T1 : 1581050465.114983288
TS : 1581050465.115048428
T2 : 1581050465.115064984
115024136
115048428
24292
T1 : 1581050525.116866688
TS : 1581050525.116931227
T2 : 1581050525.116946683
116906685
116931227
24542
T1 : 1581050585.118672697
TS : 1581050585.118737542
T2 : 1581050585.118753492
118713094
118737542
24448
T1 : 1581050645.120502438
TS : 1581050645.120564688
T2 : 1581050645.120580604
120541521
120564688
23167
T1 : 1581050705.122432730
TS : 1581050705.122497946
T2 : 1581050705.122513377
122473053
122497946
24893
T1 : 1581050765.124367252
TS : 1581050765.124429715
T2 : 1581050765.124445826
124406539
124429715
23176
T1 : 1581050825.126252193
TS : 1581050825.126320853
T2 : 1581050825.126336805
126294499
126320853
26354
T1 : 1581050885.128054469
TS : 1581050885.128118448
T2 : 1581050885.128135472
128094970
128118448
23478
T1 : 1581050945.130053423
TS : 1581050945.130128820
T2 : 1581050945.130147613
130100518
130128820
28302
T1 : 1581051005.132055378
TS : 1581051005.132128809
T2 : 1581051005.132148211
132101794
132128809
27015
T1 : 1581051065.134037830
TS : 1581051065.134101938
T2 : 1581051065.134117398
134077614
134101938
24324
T1 : 1581051125.136034265
TS : 1581051125.136100882
T2 : 1581051125.136115854
136075059
136100882
25823
T1 : 1581051185.137968340
TS : 1581051185.138032155
T2 : 1581051185.138051408
138009874
138032155
22281
T1 : 1581051245.139805118
TS : 1581051245.139869522
T2 : 1581051245.139885483
139845300
139869522
24222
T1 : 1581051305.141878183
TS : 1581051305.141938550
T2 : 1581051305.141953667
141915925
141938550
22625
T1 : 1581051365.143714741
TS : 1581051365.143778375
T2 : 1581051365.143795406
143755073
143778375
23302
T1 : 1581051425.145645393
TS : 1581051425.145715657
T2 : 1581051425.145731603
145688498
145715657
27159
T1 : 1581051485.147605053
TS : 1581051485.147680398
T2 : 1581051485.147697306
147651179
147680398
29219
T1 : 1581051545.149476471
TS : 1581051545.149542311
T2 : 1581051545.149558357
149517414
149542311
24897
T1 : 1581051605.151433431
TS : 1581051605.151497161
T2 : 1581051605.151512615
151473023
151497161
24138
T1 : 1581051665.153252261
TS : 1581051665.153321474
T2 : 1581051665.153337163
153294712
153321474
26762
T1 : 1581051725.155141615
TS : 1581051725.155204956
T2 : 1581051725.155221403
155181509
155204956
23447
T1 : 1581051785.157116645
TS : 1581051785.157181787
T2 : 1581051785.157197576
157157110
157181787
24677
T1 : 1581051845.159050749
TS : 1581051845.159118161
T2 : 1581051845.159136105
159093427
159118161
24734
T1 : 1581051905.161154313
TS : 1581051905.161223483
T2 : 1581051905.161239184
161196748
161223483
26735
T1 : 1581051965.163195295
TS : 1581051965.163260973
T2 : 1581051965.163278373
163236834
163260973
24139
T1 : 1581052025.165139248
TS : 1581052025.165206647
T2 : 1581052025.165223478
165181363
165206647
25284
T1 : 1581052085.167069318
TS : 1581052085.167140522
T2 : 1581052085.167157442
167113380
167140522
27142
T1 : 1581052145.168996967
TS : 1581052145.169065950
T2 : 1581052145.169082000
169039483
169065950
26467
T1 : 1581052205.170977855
TS : 1581052205.171047607
T2 : 1581052205.171064528
171021191
171047607
26416
T1 : 1581052265.172889533
TS : 1581052265.172953967
T2 : 1581052265.172969078
172929305
172953967
24662
T1 : 1581052325.174800911
TS : 1581052325.174873349
T2 : 1581052325.174889470
174845190
174873349
28159
T1 : 1581052385.176627096
TS : 1581052385.176696312
T2 : 1581052385.176713511
176670303
176696312
26009
T1 : 1581052445.178736772
TS : 1581052445.178802393
T2 : 1581052445.178820315
178778543
178802393
23850
T1 : 1581052505.180787151
TS : 1581052505.180854105
T2 : 1581052505.180870319
180828735
180854105
25370
T1 : 1581052565.182728560
TS : 1581052565.182791456
T2 : 1581052565.182806540
182767550
182791456
23906
T1 : 1581052625.184515527
TS : 1581052625.184582704
T2 : 1581052625.184598239
184556883
184582704
25821
T1 : 1581052685.186469140
TS : 1581052685.186532941
T2 : 1581052685.186548812
186508976
186532941
23965
T1 : 1581052745.188319287
TS : 1581052745.188381738
T2 : 1581052745.188397957
188358622
188381738
23116
T1 : 1581052805.190464421
TS : 1581052805.190527092
T2 : 1581052805.190542885
190503653
190527092
23439
T1 : 1581052865.192519955
TS : 1581052865.192581467
T2 : 1581052865.192597266
192558610
192581467
22857
T1 : 1581052925.194336614
TS : 1581052925.194411536
T2 : 1581052925.194429231
194382922
194411536
28614
T1 : 1581052985.196274109
TS : 1581052985.196338041
T2 : 1581052985.196354627
196314368
196338041
23673
T1 : 1581053045.198254361
TS : 1581053045.198320737
T2 : 1581053045.198336089
198295225
198320737
25512
T1 : 1581053105.200256650
TS : 1581053105.200326990
T2 : 1581053105.200343082
200299866
200326990
27124
T1 : 1581053165.202346525
TS : 1581053165.202411390
T2 : 1581053165.202428133
202387329
202411390
24061
T1 : 1581053225.204177916
TS : 1581053225.204264229
T2 : 1581053225.204284098
204231007
204264229
33222
T1 : 1581053285.206834265
TS : 1581053285.206899097
T2 : 1581053285.206915168
206874716
206899097
24381
T1 : 1581053345.208630617
TS : 1581053345.208696711
T2 : 1581053345.208711451
208671034
208696711
25677
T1 : 1581053405.210734591
TS : 1581053405.210796819
T2 : 1581053405.210811891
210773241
210796819
23578
T1 : 1581053465.212579090
TS : 1581053465.212645378
T2 : 1581053465.212660770
212619930
212645378
25448
T1 : 1581053525.214373447
TS : 1581053525.214451045
T2 : 1581053525.214466840
214420143
214451045
30902
T1 : 1581053585.216168654
TS : 1581053585.216249979
T2 : 1581053585.216274855
216221754
216249979
28225
T1 : 1581053645.218056184
TS : 1581053645.218120649
T2 : 1581053645.218137076
218096630
218120649
24019
T1 : 1581053705.219974191
TS : 1581053705.220038463
T2 : 1581053705.220054281
220014236
220038463
24227
T1 : 1581053765.222041034
TS : 1581053765.222106492
T2 : 1581053765.222122674
222081854
222106492
24638
T1 : 1581053825.224167896
TS : 1581053825.224253695
T2 : 1581053825.224280678
224224287
224253695
29408
T1 : 1581053885.226059482
TS : 1581053885.226123172
T2 : 1581053885.226138658
226099070
226123172
24102
T1 : 1581053945.227901693
TS : 1581053945.227969698
T2 : 1581053945.227986333
227944013
227969698
25685
T1 : 1581054005.229940921
TS : 1581054005.230001990
T2 : 1581054005.230016891
229978906
230001990
23084
T1 : 1581054065.231873156
TS : 1581054065.231945400
T2 : 1581054065.231961712
231917434
231945400
27966
T1 : 1581054125.233907343
TS : 1581054125.233970297
T2 : 1581054125.233986958
233947150
233970297
23147
T1 : 1581054185.235799966
TS : 1581054185.235867918
T2 : 1581054185.235884695
235842330
235867918
25588
T1 : 1581054245.237600647
TS : 1581054245.237666999
T2 : 1581054245.237682036
237641341
237666999
25658
T1 : 1581054305.239424181
TS : 1581054305.239491167
T2 : 1581054305.239506333
239465257
239491167
25910
T1 : 1581054365.241307518
TS : 1581054365.241372020
T2 : 1581054365.241387994
241347756
241372020
24264
T1 : 1581054425.243468097
TS : 1581054425.243537347
T2 : 1581054425.243555401
243511749
243537347
25598
T1 : 1581054485.245346900
TS : 1581054485.245409596
T2 : 1581054485.245424659
245385779
245409596
23817
T1 : 1581054545.247191296
TS : 1581054545.247258256
T2 : 1581054545.247273527
247232411
247258256
25845
T1 : 1581054605.249223293
TS : 1581054605.249286181
T2 : 1581054605.249302995
249263144
249286181
23037
T1 : 1581054665.251108326
TS : 1581054665.251175492
T2 : 1581054665.251190255
251149290
251175492
26202
T1 : 1581054725.253039803
TS : 1581054725.253104222
T2 : 1581054725.253119210
253079506
253104222
24716
T1 : 1581054785.254914759
TS : 1581054785.254980321
T2 : 1581054785.254995942
254955350
254980321
24971
T1 : 1581054845.256728727
TS : 1581054845.256792855
T2 : 1581054845.256808419
256768573
256792855
24282
T1 : 1581054905.258899361
TS : 1581054905.258965208
T2 : 1581054905.258980629
258939995
258965208
25213
T1 : 1581054965.260855000
TS : 1581054965.260926541
T2 : 1581054965.260944302
260899651
260926541
26890
T1 : 1581055025.262753841
TS : 1581055025.262820140
T2 : 1581055025.262835867
262794854
262820140
25286
T1 : 1581055085.264548358
TS : 1581055085.264616790
T2 : 1581055085.264631973
264590165
264616790
26625
T1 : 1581055145.266411463
TS : 1581055145.266478339
T2 : 1581055145.266497032
266454247
266478339
24092
T1 : 1581055205.268442244
TS : 1581055205.268502280
T2 : 1581055205.268517469
268479856
268502280
22424
T1 : 1581055265.270231195
TS : 1581055265.270306580
T2 : 1581055265.270323270
270277232
270306580
29348
T1 : 1581055325.272085289
TS : 1581055325.272147332
T2 : 1581055325.272163680
272124484
272147332
22848
T1 : 1581055385.273855942
TS : 1581055385.273926691
T2 : 1581055385.273943867
273899904
273926691
26787
T1 : 1581055445.275853217
TS : 1581055445.275918167
T2 : 1581055445.275939495
275896356
275918167
21811
T1 : 1581055505.277944292
TS : 1581055505.278009216
T2 : 1581055505.278024719
277984505
278009216
24711
T1 : 1581055565.279858664
TS : 1581055565.279946690
T2 : 1581055565.279962214
279910439
279946690
36251
T1 : 1581055625.281730448
TS : 1581055625.281796152
T2 : 1581055625.281811633
281771040
281796152
25112
T1 : 1581055685.283490234
TS : 1581055685.283526075
T2 : 1581055685.283541169
283515701
283526075
10374
T1 : 1581055745.285208190
TS : 1581055745.285276321
T2 : 1581055745.285292633
285250411
285276321
25910
T1 : 1581055805.287765300
TS : 1581055805.287832555
T2 : 1581055805.287849268
287807284
287832555
25271
T1 : 1581055865.289819984
TS : 1581055865.289908339
T2 : 1581055865.289924973
289872478
289908339
35861
T1 : 1581055925.291685877
TS : 1581055925.291749327
T2 : 1581055925.291765027
291725452
291749327
23875
T1 : 1581055985.293546739
TS : 1581055985.293615592
T2 : 1581055985.293631493
293589116
293615592
26476
T1 : 1581056045.295544126
TS : 1581056045.295611791
T2 : 1581056045.295629032
295586579
295611791
25212
T1 : 1581056105.297786742
TS : 1581056105.297859574
T2 : 1581056105.297876931
297831836
297859574
27738
T1 : 1581056165.299527759
TS : 1581056165.299592697
T2 : 1581056165.299608901
299568330
299592697
24367
T1 : 1581056225.301339872
TS : 1581056225.301409843
T2 : 1581056225.301427147
301383509
301409843
26334
T1 : 1581056285.303182515
TS : 1581056285.303250609
T2 : 1581056285.303267376
303224945
303250609
25664
T1 : 1581056345.305030733
TS : 1581056345.305096432
T2 : 1581056345.305112241
305071487
305096432
24945
T1 : 1581056405.307037108
TS : 1581056405.307100816
T2 : 1581056405.307116323
307076715
307100816
24101
T1 : 1581056465.308935506
TS : 1581056465.309003490
T2 : 1581056465.309019484
308977495
309003490
25995
T1 : 1581056525.310836323
TS : 1581056525.310904268
T2 : 1581056525.310920206
310878264
310904268
26004
T1 : 1581056585.312697092
TS : 1581056585.312762066
T2 : 1581056585.312777725
312737408
312762066
24658
T1 : 1581056645.314595550
TS : 1581056645.314661576
T2 : 1581056645.314676825
314636187
314661576
25389
T1 : 1581056705.316449962
TS : 1581056705.316530140
T2 : 1581056705.316549132
316499547
316530140
30593
T1 : 1581056765.318336853
TS : 1581056765.318371436
T2 : 1581056765.318387005
318361929
318371436
9507
T1 : 1581056825.320152007
TS : 1581056825.320237909
T2 : 1581056825.320256028
320204017
320237909
33892
T1 : 1581056885.322850294
TS : 1581056885.322931519
T2 : 1581056885.322949105
322899699
322931519
31820
T1 : 1581056945.324744390
TS : 1581056945.324812609
T2 : 1581056945.324828332
324786361
324812609
26248
T1 : 1581057005.326769820
TS : 1581057005.326837787
T2 : 1581057005.326853571
326811695
326837787
26092
T1 : 1581057065.328614328
TS : 1581057065.328687169
T2 : 1581057065.328702759
328658543
328687169
28626
T1 : 1581057125.330621728
TS : 1581057125.330685175
T2 : 1581057125.330701718
330661723
330685175
23452
T1 : 1581057185.332491468
TS : 1581057185.332557283
T2 : 1581057185.332571787
332531627
332557283
25656
T1 : 1581057245.334367207
TS : 1581057245.334429624
T2 : 1581057245.334459475
334413341
334429624
16283
T1 : 1581057305.336377552
TS : 1581057305.336441723
T2 : 1581057305.336457398
336417475
336441723
24248
T1 : 1581057365.338199695
TS : 1581057365.338265694
T2 : 1581057365.338281762
338240728
338265694
24966
T1 : 1581057425.340072643
TS : 1581057425.340138198
T2 : 1581057425.340153832
340113237
340138198
24961
T1 : 1581057485.342077747
TS : 1581057485.342140169
T2 : 1581057485.342155571
342116659
342140169
23510
T1 : 1581057545.343850403
TS : 1581057545.343918686
T2 : 1581057545.343934983
343892693
343918686
25993
T1 : 1581057605.345897816
TS : 1581057605.345962117
T2 : 1581057605.345977996
345937906
345962117
24211
T1 : 1581057665.347739766
TS : 1581057665.347811599
T2 : 1581057665.347829217
347784491
347811599
27108
T1 : 1581057725.349783483
TS : 1581057725.349844954
T2 : 1581057725.349860779
349822131
349844954
22823
T1 : 1581057785.351760780
TS : 1581057785.351827453
T2 : 1581057785.351843540
351802160
351827453
25293
T1 : 1581057845.353806220
TS : 1581057845.353870155
T2 : 1581057845.353885464
353845842
353870155
24313
T1 : 1581057905.355681517
TS : 1581057905.355747557
T2 : 1581057905.355769107
355725312
355747557
22245
