T1 : 1581056884.404927017
TS : 1581056884.471100139
T2 : 1581056884.535354413
470140715
471100139
959424
T1 : 1581059663.93772980
TS : 1581059663.156902637
T2 : 1581059663.217804318
155788649
156902637
1113988
T1 : 1581059668.224434412
TS : 1581059668.288042965
T2 : 1581059668.348586181
286510296
288042965
1532669
T1 : 1581059673.359675271
TS : 1581059673.425765568
T2 : 1581059673.488932952
424304111
425765568
1461457
T1 : 1581059678.492089564
TS : 1581059678.552915280
T2 : 1581059678.616692014
554390789
552915280
-1475509
T1 : 1581059683.618525133
TS : 1581059683.681401798
T2 : 1581059683.744747605
681636369
681401798
-234571
T1 : 1581059688.746568198
TS : 1581059688.812498330
T2 : 1581059688.875447772
811007985
812498330
1490345
T1 : 1581059693.878638189
TS : 1581059693.942217327
T2 : 1581059694.3761890
441200039
942217327
501017288
T1 : 1581059699.6846196
TS : 1581059699.69504817
T2 : 1581059699.130335496
68590846
69504817
913971
T1 : 1581059704.133436514
TS : 1581059704.197097942
T2 : 1581059704.257874872
195655693
197097942
1442249
T1 : 1581059709.260939484
TS : 1581059709.321488086
T2 : 1581059709.385167321
323053402
321488086
-1565316
T1 : 1581059714.388282808
TS : 1581059714.449106740
T2 : 1581059714.509819282
449051045
449106740
55695
T1 : 1581059719.513262660
TS : 1581059719.576257000
T2 : 1581059719.639610962
576436811
576257000
-179811
T1 : 1581059724.642798650
TS : 1581059724.703512418
T2 : 1581059724.766978686
704888668
703512418
-1376250
T1 : 1581059729.770297105
TS : 1581059729.833406615
T2 : 1581059729.894323956
832310530
833406615
1096085
T1 : 1581059734.897396513
TS : 1581059734.958181010
T2 : 1581059735.18837579
458117046
958181010
500063964
T1 : 1581059740.21999786
TS : 1581059740.82632094
T2 : 1581059740.143448645
82724215
82632094
-92121
T1 : 1581059745.146759532
TS : 1581059745.212829388
T2 : 1581059745.273676130
210217831
212829388
2611557
T1 : 1581059750.276930925
TS : 1581059750.337747537
T2 : 1581059750.399689852
338310388
337747537
-562851
T1 : 1581059755.402762694
TS : 1581059755.463412302
T2 : 1581059755.524492970
463627832
463412302
-215530
T1 : 1581059760.527998371
TS : 1581059760.591082903
T2 : 1581059760.654855888
591427129
591082903
-344226
T1 : 1581059765.657946660
TS : 1581059765.718805706
T2 : 1581059765.780099006
719022833
718805706
-217127
T1 : 1581059770.783339983
TS : 1581059770.844312460
T2 : 1581059770.908477398
845908690
844312460
-1596230
T1 : 1581059775.911620083
TS : 1581059775.974706141
T2 : 1581059776.38605592
475112837
974706141
499593304
T1 : 1581059781.40417989
TS : 1581059781.100992661
T2 : 1581059781.161780408
101099198
100992661
-106537
T1 : 1581059786.165000854
TS : 1581059786.227893684
T2 : 1581059786.294113358
229557106
227893684
-1663422
T1 : 1581059791.297050196
TS : 1581059791.357636443
T2 : 1581059791.418620451
357835323
357636443
-198880
T1 : 1581059796.421731344
TS : 1581059796.482289536
T2 : 1581059796.545312492
483521918
482289536
-1232382
T1 : 1581059801.547260901
TS : 1581059801.610200644
T2 : 1581059801.673776989
610518945
610200644
-318301
T1 : 1581059806.676858846
TS : 1581059806.737707173
T2 : 1581059806.798685824
737772335
737707173
-65162
T1 : 1581059811.800465988
TS : 1581059811.861040412
T2 : 1581059811.924359119
862412553
861040412
-1372141
T1 : 1581059816.927573348
TS : 1581059816.991033190
T2 : 1581059817.51575664
489574506
991033190
501458684
T1 : 1581059822.54586849
TS : 1581059822.117608154
T2 : 1581059822.183745580
119166214
117608154
-1558060
T1 : 1581059827.187174032
TS : 1581059827.253206006
T2 : 1581059827.313976843
250575437
253206006
2630569
T1 : 1581059832.317107379
TS : 1581059832.377732333
T2 : 1581059832.438530967
377819173
377732333
-86840
T1 : 1581059837.441605114
TS : 1581059837.502245404
T2 : 1581059837.565211647
503408380
502245404
-1162976
T1 : 1581059842.567115248
TS : 1581059842.627812698
T2 : 1581059842.688562042
627838645
627812698
-25947
T1 : 1581059847.691816883
TS : 1581059847.752710243
T2 : 1581059847.814083778
752950330
752710243
-240087
T1 : 1581059852.817225959
TS : 1581059852.877771664
T2 : 1581059852.941572789
879399374
877771664
-1627710
T1 : 1581059857.944965009
TS : 1581059858.8743981
T2 : 1581059858.71912443
508438726
8743981
-499694745
T1 : 1581059863.75067940
TS : 1581059863.138698797
T2 : 1581059863.202000308
138534124
138698797
164673
T1 : 1581059868.205248423
TS : 1581059868.268998268
T2 : 1581059868.332716757
268982590
268998268
15678
T1 : 1581059873.336141383
TS : 1581059873.399925590
T2 : 1581059873.463903652
400022517
399925590
-96927
T1 : 1581059878.467360875
TS : 1581059878.534261750
T2 : 1581059878.595485759
531423317
534261750
2838433
T1 : 1581059883.598670365
TS : 1581059883.659369467
T2 : 1581059883.723254052
660962208
659369467
-1592741
T1 : 1581059888.726368219
TS : 1581059888.787176671
T2 : 1581059888.848303780
787335999
787176671
-159328
T1 : 1581059893.851377802
TS : 1581059893.911943793
T2 : 1581059893.978476061
914926931
911943793
-2983138
T1 : 1581059898.981631087
TS : 1581059899.47830551
T2 : 1581059899.108651425
545141256
47830551
-497310705
T1 : 1581059904.111729016
TS : 1581059904.175384506
T2 : 1581059904.236032686
173880851
175384506
1503655
T1 : 1581059909.239169768
TS : 1581059909.302867366
T2 : 1581059909.365925494
302547631
302867366
319735
T1 : 1581059914.369124680
TS : 1581059914.432612085
T2 : 1581059914.495494391
432309535
432612085
302550
T1 : 1581059919.498688645
TS : 1581059919.562293784
T2 : 1581059919.625627854
562158249
562293784
135535
T1 : 1581059924.628961395
TS : 1581059924.692902183
T2 : 1581059924.754079477
691520436
692902183
1381747
T1 : 1581059929.757202167
TS : 1581059929.823110923
T2 : 1581059929.883702767
820452467
823110923
2658456
T1 : 1581059934.885502881
TS : 1581059934.949106589
T2 : 1581059935.10308333
447905607
949106589
501200982
T1 : 1581059940.13539669
TS : 1581059940.77271499
T2 : 1581059940.137875756
75707712
77271499
1563787
T1 : 1581059945.139770483
TS : 1581059945.203778943
T2 : 1581059945.264689348
202229915
203778943
1549028
T1 : 1581059950.266657380
TS : 1581059950.329562293
T2 : 1581059950.393097075
329877227
329562293
-314934
T1 : 1581059955.396266782
TS : 1581059955.459953221
T2 : 1581059955.520850522
458558652
459953221
1394569
T1 : 1581059960.523847826
TS : 1581059960.587285975
T2 : 1581059960.651125765
587486795
587285975
-200820
T1 : 1581059965.653094374
TS : 1581059965.713827574
T2 : 1581059965.775260952
714177663
713827574
-350089
T1 : 1581059970.778426551
TS : 1581059970.844525575
T2 : 1581059970.908087763
843257157
844525575
1268418
T1 : 1581059975.909910181
TS : 1581059975.973719772
T2 : 1581059976.34509106
472209643
973719772
501510129
T1 : 1581059981.37682474
TS : 1581059981.98546343
T2 : 1581059981.161901208
99791841
98546343
-1245498
T1 : 1581059986.164946500
TS : 1581059986.225449310
T2 : 1581059986.289008996
226977748
225449310
-1528438
T1 : 1581059991.292006737
TS : 1581059991.357861672
T2 : 1581059991.418629673
355318205
357861672
2543467
T1 : 1581059996.420543683
TS : 1581059996.481082094
T2 : 1581059996.542015816
481279749
481082094
-197655
T1 : 1581060001.545163243
TS : 1581060001.605923357
T2 : 1581060001.666738445
605950844
605923357
-27487
T1 : 1581060006.670115680
TS : 1581060006.733656792
T2 : 1581060006.794599514
732357597
733656792
1299195
T1 : 1581060011.797737768
TS : 1581060011.858473840
T2 : 1581060011.919225928
858481848
858473840
-8008
T1 : 1581060016.922541950
TS : 1581060016.986101712
T2 : 1581060017.47213987
484877968
986101712
501223744
T1 : 1581060022.50397807
TS : 1581060022.116321429
T2 : 1581060022.179127564
114762685
116321429
1558744
T1 : 1581060090.319661146
TS : 1581060090.383510940
T2 : 1581060090.444148688
381904917
383510940
1606023
T1 : 1581060150.446429586
TS : 1581060150.510032180
T2 : 1581060150.571116336
508772961
510032180
1259219
T1 : 1581060210.573134758
TS : 1581060210.636885125
T2 : 1581060210.697650167
635392462
636885125
1492663
T1 : 1581060270.699722242
TS : 1581060270.763536349
T2 : 1581060270.824414550
762068396
763536349
1467953
T1 : 1581060330.826443554
TS : 1581060330.892322427
T2 : 1581060330.956379893
891411723
892322427
910704
T1 : 1581060390.958418279
TS : 1581060391.19191172
T2 : 1581060391.86323920
522371099
19191172
-503179927
T1 : 1581060451.88291355
TS : 1581060451.154498536
T2 : 1581060451.218551042
153421198
154498536
1077338
T1 : 1581060511.221057601
TS : 1581060511.287351994
T2 : 1581060511.350419365
285738483
287351994
1613511
T1 : 1581060571.352471736
TS : 1581060571.416170584
T2 : 1581060571.482140418
417306077
416170584
-1135493
T1 : 1581060631.484106098
TS : 1581060631.547672025
T2 : 1581060631.611103445
547604771
547672025
67254
T1 : 1581060691.613123044
TS : 1581060691.679129019
T2 : 1581060691.742791319
677957181
679129019
1171838
T1 : 1581060751.745045924
TS : 1581060751.808631948
T2 : 1581060751.872648464
808847194
808631948
-215246
T1 : 1581060811.874670192
TS : 1581060811.938466480
T2 : 1581060811.999716804
937193498
938466480
1272982
T1 : 1581060872.1806614
TS : 1581060872.67990700
T2 : 1581060872.128720397
65263505
67990700
2727195
T1 : 1581060932.130810285
TS : 1581060932.194565439
T2 : 1581060932.260650119
195730202
194565439
-1164763
T1 : 1581060992.262641974
TS : 1581060992.326170410
T2 : 1581060992.387206074
324924024
326170410
1246386
T1 : 1581061052.389357152
TS : 1581061052.452508937
T2 : 1581061052.513303239
451330195
452508937
1178742
T1 : 1581061112.515373802
TS : 1581061112.578935336
T2 : 1581061112.639993629
577683715
578935336
1251621
T1 : 1581061172.642174354
TS : 1581061172.705730365
T2 : 1581061172.766396732
704285543
705730365
1444822
T1 : 1581061232.768635866
TS : 1581061232.829402085
T2 : 1581061232.893260694
830948280
829402085
-1546195
T1 : 1581061292.895256530
TS : 1581061292.958799893
T2 : 1581061293.21843342
458549936
958799893
500249957
T1 : 1581061353.24079849
TS : 1581061353.84625294
T2 : 1581061353.145207060
84643454
84625294
-18160
T1 : 1581061413.147231028
TS : 1581061413.213143295
T2 : 1581061413.276021551
211626289
213143295
1517006
T1 : 1581061473.278334691
TS : 1581061473.341934431
T2 : 1581061473.406286390
342310540
341934431
-376109
T1 : 1581061533.408273097
TS : 1581061533.471199415
T2 : 1581061533.534745491
471509294
471199415
-309879
T1 : 1581061593.536765358
TS : 1581061593.597524239
T2 : 1581061593.658717944
597741651
597524239
-217412
T1 : 1581061653.660980599
TS : 1581061653.724461512
T2 : 1581061653.785131740
723056169
724461512
1405343
T1 : 1581061713.787171045
TS : 1581061713.850797487
T2 : 1581061713.911720706
849445875
850797487
1351612
T1 : 1581061773.913850963
TS : 1581061773.977587324
T2 : 1581061774.38332229
476091596
977587324
501495728
T1 : 1581061834.40399524
TS : 1581061834.101052270
T2 : 1581061834.164524398
102461961
101052270
-1409691
T1 : 1581061894.166636857
TS : 1581061894.227201128
T2 : 1581061894.288030296
227333576
227201128
-132448
T1 : 1581061954.290110874
TS : 1581061954.353254190
T2 : 1581061954.417404411
353757642
353254190
-503452
T1 : 1581062014.419391947
TS : 1581062014.480334553
T2 : 1581062014.543399143
481395545
480334553
-1060992
T1 : 1581062074.545487237
TS : 1581062074.608116368
T2 : 1581062074.668805602
607146419
608116368
969949
T1 : 1581062134.670901755
TS : 1581062134.731540542
T2 : 1581062134.792693661
731797708
731540542
-257166
T1 : 1581062194.794964672
TS : 1581062194.857759752
T2 : 1581062194.920712326
857838499
857759752
-78747
T1 : 1581062254.922851980
TS : 1581062254.983413060
T2 : 1581062255.47005266
484928623
983413060
498484437
T1 : 1581062315.49120158
TS : 1581062315.113040106
T2 : 1581062315.176907981
113014069
113040106
26037
T1 : 1581062375.178986394
TS : 1581062375.242707653
T2 : 1581062375.303140508
241063451
242707653
1644202
T1 : 1581062435.305145821
TS : 1581062435.365708772
T2 : 1581062435.429850670
367498245
365708772
-1789473
T1 : 1581062495.432121942
TS : 1581062495.492743607
T2 : 1581062495.558731046
495426494
492743607
-2682887
T1 : 1581062555.561136848
TS : 1581062555.624684435
T2 : 1581062555.688503931
624820389
624684435
-135954
T1 : 1581062615.690833331
TS : 1581062615.751406322
T2 : 1581062615.814945076
752889203
751406322
-1482881
T1 : 1581062675.817169532
TS : 1581062675.880663996
T2 : 1581062675.941488979
879329255
880663996
1334741
T1 : 1581062735.943595264
TS : 1581062736.4271526
T2 : 1581062736.64959425
504277344
4271526
-500005818
T1 : 1581062796.66951791
TS : 1581062796.127721096
T2 : 1581062796.190814785
128883288
127721096
-1162192
T1 : 1581062856.192808763
TS : 1581062856.256469375
T2 : 1581062856.319774678
256291720
256469375
177655
T1 : 1581062916.321801037
TS : 1581062916.385880914
T2 : 1581062916.452011254
386906145
385880914
-1025231
T1 : 1581062976.454424216
TS : 1581062976.518887432
T2 : 1581062976.582805052
518614634
518887432
272798
T1 : 1581063036.585008745
TS : 1581063036.648434717
T2 : 1581063036.715401433
650205089
648434717
-1770372
T1 : 1581063096.717495672
TS : 1581063096.778309549
T2 : 1581063096.838891848
778193760
778309549
115789
T1 : 1581063156.841158891
TS : 1581063156.904635340
T2 : 1581063156.965617884
903388387
904635340
1246953
T1 : 1581063216.967588120
TS : 1581063217.28134030
T2 : 1581063217.88837888
528213004
28134030
-500078974
T1 : 1581063277.90875843
TS : 1581063277.151560864
T2 : 1581063277.217930986
154403414
151560864
-2842550
T1 : 1581063337.220011535
TS : 1581063337.282963732
T2 : 1581063337.344100605
282056070
282963732
907662
T1 : 1581063397.346506114
TS : 1581063397.412290008
T2 : 1581063397.476244402
411375258
412290008
914750
T1 : 1581063457.478717639
TS : 1581063457.539427130
T2 : 1581063457.601042223
539879931
539427130
-452801
T1 : 1581063517.603025701
TS : 1581063517.663554120
T2 : 1581063517.727315623
665170662
663554120
-1616542
T1 : 1581063577.729375595
TS : 1581063577.792922932
T2 : 1581063577.853477778
791426686
792922932
1496246
T1 : 1581063637.855646560
TS : 1581063637.919112866
T2 : 1581063637.985789354
920717957
919112866
-1605091
T1 : 1581063697.987979041
TS : 1581063698.53935022
T2 : 1581063698.114349713
551164377
53935022
-497229355
T1 : 1581063758.116681506
TS : 1581063758.177106993
T2 : 1581063758.240062583
178372044
177106993
-1265051
T1 : 1581063818.242171467
TS : 1581063818.302747795
T2 : 1581063818.366907663
304539565
302747795
-1791770
T1 : 1581063878.369037568
TS : 1581063878.429835218
T2 : 1581063878.491057650
430047609
429835218
-212391
T1 : 1581063938.493123191
TS : 1581063938.553855997
T2 : 1581063938.617997485
555560338
553855997
-1704341
T1 : 1581063998.620109390
TS : 1581063998.680702240
T2 : 1581063998.746806944
683458167
680702240
-2755927
T1 : 1581064058.748942879
TS : 1581064058.812165058
T2 : 1581064058.875760460
812351669
812165058
-186611
T1 : 1581064118.877831402
TS : 1581064118.941385511
T2 : 1581064119.2082915
439957158
941385511
501428353
T1 : 1581064179.4113966
TS : 1581064179.64570667
T2 : 1581064179.125249260
64681613
64570667
-110946
T1 : 1581064239.127198673
TS : 1581064239.187832054
T2 : 1581064239.250957256
189077964
187832054
-1245910
T1 : 1581064299.252928714
TS : 1581064299.318767424
T2 : 1581064299.382146387
317537550
318767424
1229874
T1 : 1581064359.384384077
TS : 1581064359.445503565
T2 : 1581064359.506351387
445367732
445503565
135833
T1 : 1581064419.508528853
TS : 1581064419.572011632
T2 : 1581064419.632545503
570537178
572011632
1474454
T1 : 1581064479.634485335
TS : 1581064479.694927510
T2 : 1581064479.758223964
696354649
694927510
-1427139
T1 : 1581064539.760245574
TS : 1581064539.823809716
T2 : 1581064539.884789864
822517719
823809716
1291997
T1 : 1581064599.886933409
TS : 1581064599.947706085
T2 : 1581064600.11513273
449223341
947706085
498482744
T1 : 1581064660.13908469
TS : 1581064660.77172199
T2 : 1581064660.140661756
77285112
77172199
-112913
T1 : 1581064720.142645073
TS : 1581064720.203072422
T2 : 1581064720.269218225
205931649
203072422
-2859227
T1 : 1581064780.271257613
TS : 1581064780.331891499
T2 : 1581064780.395627674
333442643
331891499
-1551144
T1 : 1581064840.397735770
TS : 1581064840.461356107
T2 : 1581064840.524738946
461237358
461356107
118749
T1 : 1581064900.526844465
TS : 1581064900.589799075
T2 : 1581064900.650979034
588911749
589799075
887326
T1 : 1581064960.652990469
TS : 1581064960.713801721
T2 : 1581064960.777084350
715037409
713801721
-1235688
T1 : 1581065020.779218677
TS : 1581065020.839774263
T2 : 1581065020.903617409
841418043
839774263
-1643780
T1 : 1581065080.905840250
TS : 1581065080.972015942
T2 : 1581065081.35004246
470422248
972015942
501593694
T1 : 1581065141.37221401
TS : 1581065141.97754596
T2 : 1581065141.158421434
97821417
97754596
-66821
T1 : 1581065201.160503333
TS : 1581065201.224095143
T2 : 1581065201.285094672
222799002
224095143
1296141
T1 : 1581065261.287281689
TS : 1581065261.350780985
T2 : 1581065261.411606518
349444103
350780985
1336882
T1 : 1581065321.413625448
TS : 1581065321.476569795
T2 : 1581065321.537688787
475657117
476569795
912678
T1 : 1581065381.539798512
TS : 1581065381.602914708
T2 : 1581065381.667156414
603477463
602914708
-562755
T1 : 1581065441.669371712
TS : 1581065441.735375976
T2 : 1581065441.798798177
734084944
735375976
1291032
T1 : 1581065501.800952587
TS : 1581065501.864454599
T2 : 1581065501.925673952
863313269
864454599
1141330
T1 : 1581065561.927906388
TS : 1581065562.1862495
T2 : 1581065562.62418316
495162352
1862495
-493299857
T1 : 1581065622.64474070
TS : 1581065622.124908950
T2 : 1581065622.185715686
125094878
124908950
-185928
T1 : 1581065682.187622147
TS : 1581065682.248282282
T2 : 1581065682.309164556
248393351
248282282
-111069
T1 : 1581065742.311451997
TS : 1581065742.374337060
T2 : 1581065742.434982648
373217322
374337060
1119738
T1 : 1581065802.437182960
TS : 1581065802.503071893
T2 : 1581065802.564120755
500651857
503071893
2420036
T1 : 1581065862.566492748
TS : 1581065862.629517799
T2 : 1581065862.693632437
630062592
629517799
-544793
T1 : 1581065922.695721320
TS : 1581065922.758739676
T2 : 1581065922.819135368
757428344
758739676
1311332
T1 : 1581065982.821175307
TS : 1581065982.881965200
T2 : 1581065982.946099713
883637510
881965200
-1672310
T1 : 1581066042.948128028
TS : 1581066043.11624581
T2 : 1581066043.72452285
510290156
11624581
-498665575
T1 : 1581066103.74414457
TS : 1581066103.135106017
T2 : 1581066103.198016416
136215436
135106017
-1109419
T1 : 1581066163.200098027
TS : 1581066163.260864963
T2 : 1581066163.321673580
260885803
260864963
-20840
T1 : 1581066223.323784037
TS : 1581066223.386731249
T2 : 1581066223.447807368
385795702
386731249
935547
T1 : 1581066283.449882501
TS : 1581066283.510588846
T2 : 1581066283.574495869
512189185
510588846
-1600339
T1 : 1581066343.576549605
TS : 1581066343.639582699
T2 : 1581066343.700696652
638623128
639582699
959571
T1 : 1581066403.702747810
TS : 1581066403.763144282
T2 : 1581066403.826069726
764408768
763144282
-1264486
T1 : 1581066463.828273462
TS : 1581066463.888762608
T2 : 1581066463.952741337
890507399
888762608
-1744791
T1 : 1581066523.954759204
TS : 1581066524.17626913
T2 : 1581066524.78216785
516487994
17626913
-498861081
T1 : 1581066584.80315122
TS : 1581066584.140887504
T2 : 1581066584.204996256
142655689
140887504
-1768185
T1 : 1581066644.207216649
TS : 1581066644.270081360
T2 : 1581066644.333741793
270479221
270081360
-397861
T1 : 1581066704.335856874
TS : 1581066704.399528173
T2 : 1581066704.461001084
398428979
399528173
1099194
T1 : 1581066764.463266606
TS : 1581066764.526212230
T2 : 1581066764.586755633
525011119
526212230
1201111
T1 : 1581066824.588796869
TS : 1581066824.655062126
T2 : 1581066824.715552143
652174506
655062126
2887620
T1 : 1581066884.717563625
TS : 1581066884.783438584
T2 : 1581066884.847357878
782460751
783438584
977833
T1 : 1581066944.849468761
TS : 1581066944.910197443
T2 : 1581066944.970693918
910081339
910197443
116104
T1 : 1581067004.972749853
TS : 1581067005.33385155
T2 : 1581067005.97410566
535080209
33385155
-501695054
T1 : 1581067065.99826376
TS : 1581067065.165626100
T2 : 1581067065.229119875
164473125
165626100
1152975
T1 : 1581067125.231230789
TS : 1581067125.291944354
T2 : 1581067125.352397580
291814184
291944354
130170
T1 : 1581067185.354477729
TS : 1581067185.415409981
T2 : 1581067185.479636030
417056879
415409981
-1646898
T1 : 1581067245.481738122
TS : 1581067245.548216488
T2 : 1581067245.612327093
547032607
548216488
1183881
T1 : 1581067305.614517427
TS : 1581067305.680644112
T2 : 1581067305.741479477
677998452
680644112
2645660
T1 : 1581067365.744574423
TS : 1581067365.805122113
T2 : 1581067365.868812686
806693554
805122113
-1571441
T1 : 1581067425.871090566
TS : 1581067425.937434750
T2 : 1581067426.1148448
436119507
937434750
501315243
T1 : 1581067486.3348883
TS : 1581067486.69601952
T2 : 1581067486.130580969
66964926
69601952
2637026
T1 : 1581067546.132650154
TS : 1581067546.196724723
T2 : 1581067546.257672755
195161454
196724723
1563269
T1 : 1581067606.259674387
TS : 1581067606.320162854
T2 : 1581067606.380836899
320255643
320162854
-92789
